MPASM 5.76                      INTERUPT.ASM   3-18-2018  19:15:01         PAGE  1


LOC  OBJECT CODE     LINE SOURCE TEXT
  VALUE

                      00001 ;Author Darshana Ariyarathna    ||  darshana.uop@gmail.com  ||  +94774901245
                      00002     processor   16f877a             ; Initialize the processor
                      00003     #include    <p16f877a.inc>      ;Include library
                      00001         LIST
                      00002 
                      00003 ;==========================================================================
                      00004 ; Build date : Sep 19 2017
                      00005 ;  MPASM PIC16F877A processor include
                      00006 ; 
                      00007 ;  (c) Copyright 1999-2017 Microchip Technology, All rights reserved
                      00008 ;==========================================================================
                      00009 
                      00567         LIST
                      00004 
                      00005     
                      00006     org 0x00;
                      00007 
  00000020            00008 count1    equ   0x20                ;name the register adress 0x20 as count1 
  00000021            00009 count2    equ   0x21                ;name the register adress 0x21 as count2
  00000022            00010 count3    equ   0x22
                      00011           
0000   2???           00012     goto Main                       ;
                      00013           org   0x04                        ;origin vector of interrupt
0004   2???           00014     goto        LEDON                       ;interrupt function
                      00015         
0005                  00016 Main
0005   2???           00017         CALL    GO_BANK_1           ;SWITCH TO BANK 1
Message[302]: Register in operand not in bank 0.  Ensure that bank bits are correct.
0006   1306           00018             bcf TRISB,6             ;RA0  as output
Message[302]: Register in operand not in bank 0.  Ensure that bank bits are correct.
0007   1386           00019             bCf TRISB,7             ;RB0/INT as output
Message[302]: Register in operand not in bank 0.  Ensure that bank bits are correct.
0008   1701           00020             bsf     OPTION_REG,6    ;Interrupt on rising edge of RB0/INT pin
0009   178B           00021             bsf     INTCON,7        ;Enable all unmasked interrupts
000A   160B           00022             bsf     INTCON,4        ;Enables the RB0/INT external interrupt
000B   2???           00023         CALL    GO_BANK_0
000C   1386           00024         bcf         PORTB,7
000D   1306           00025         bcf         PORTB,6        
000E   2???           00026         CALL        DELAY
000F   1706           00027         BSF         PORTB,6
0010   2???           00028         CALL        DELAY
0011   2???           00029     goto    Main
                      00030 
0012                  00031 LEDON
0012   138B           00032         bcf         INTCON,7
0013   1386           00033         bcf         PORTB,7        
0014   2???           00034         CALL        DELAY
0015   1786           00035         BSF         PORTB,7
0016   2???           00036         CALL        DELAY
0017   1386           00037         bcf         PORTB,7        
0018   2???           00038         CALL        DELAY
0019   1786           00039         BSF         PORTB,7
001A   2???           00040         CALL        DELAY
MPASM 5.76                      INTERUPT.ASM   3-18-2018  19:15:01         PAGE  2


LOC  OBJECT CODE     LINE SOURCE TEXT
  VALUE

001B   1386           00041         bcf         PORTB,7        
001C   2???           00042         CALL        DELAY
001D   1786           00043         BSF         PORTB,7
001E   108B           00044         BCF         INTCON,1
001F   178B           00045         BSF         INTCON,7
0020   0009           00046         RETFIE
                      00047         
0021                  00048 GO_BANK_0
0021   1283           00049         BCF         STATUS,5
0022   1303           00050         BCF         STATUS,6
0023   0008           00051         RETURN
                      00052     
0024                  00053 GO_BANK_1
0024   1683           00054         BSF         STATUS,5
0025   1303           00055         BCF         STATUS,6
0026   0008           00056         RETURN
                      00057     
0027                  00058 GO_BANK_2
0027   1283           00059         BCF         STATUS,5
0028   1703           00060         BSF         STATUS,6
0029   0008           00061         RETURN
                      00062     
002A                  00063 GO_BANK_3
002A   1683           00064         BSF         STATUS,5
002B   1703           00065         BSF         STATUS,6
002C   0008           00066         RETURN
                      00067         
002D                  00068 DELAY
002D   0BA0           00069         decfsz  count1,1            ;decrese the value of register count1 (0x20) start from b'11111111' 
                            (=d'255') to zero and store the new value back in that register 
                      00070                                     ;if new value is zero it is not execute next instruction [jump to  "
                             decfsz  count2,1 "], otherwise it will execute "goto DELAY" line in bellow
                      00071                                     ;if once count1 become '0000000' and then decrease it,it comes back 
                            to '11111111' = 255,
002E   2???           00072         goto    DELAY               ;go back to DELAY
002F   0BA1           00073         decfsz  count2,1            ;it works as count1.
                      00074                                     
0030   2???           00075         goto    DELAY               ;go back to DELAY
                      00076         
0031   0008           00077         RETURN
                      00078         end
MPASM 5.76                      INTERUPT.ASM   3-18-2018  19:15:01         PAGE  3


SYMBOL TABLE
  LABEL                             VALUE 

ACKDT                             00000005
ACKEN                             00000004
ACKSTAT                           00000006
ADCON0                            0000001F
ADCON1                            0000009F
ADCS0                             00000006
ADCS1                             00000007
ADCS2                             00000006
ADDEN                             00000003
ADFM                              00000007
ADIE                              00000006
ADIF                              00000006
ADON                              00000000
ADRESH                            0000001E
ADRESL                            0000009E
BCLIE                             00000003
BCLIF                             00000003
BF                                00000000
BRGH                              00000002
C                                 00000000
C1INV                             00000004
C1OUT                             00000006
C2INV                             00000005
C2OUT                             00000007
CCP1CON                           00000017
CCP1IE                            00000002
CCP1IF                            00000002
CCP1M0                            00000000
CCP1M1                            00000001
CCP1M2                            00000002
CCP1M3                            00000003
CCP1X                             00000005
CCP1Y                             00000004
CCP2CON                           0000001D
CCP2IE                            00000000
CCP2IF                            00000000
CCP2M0                            00000000
CCP2M1                            00000001
CCP2M2                            00000002
CCP2M3                            00000003
CCP2X                             00000005
CCP2Y                             00000004
CCPR1                             00000015
CCPR1H                            00000016
CCPR1L                            00000015
CCPR2                             0000001B
CCPR2H                            0000001C
CCPR2L                            0000001B
CHS0                              00000003
CHS1                              00000004
CHS2                              00000005
CIS                               00000003
CKE                               00000006
MPASM 5.76                      INTERUPT.ASM   3-18-2018  19:15:01         PAGE  4


SYMBOL TABLE
  LABEL                             VALUE 

CKP                               00000004
CM0                               00000000
CM1                               00000001
CM2                               00000002
CMCON                             0000009C
CMIE                              00000006
CMIF                              00000006
CREN                              00000004
CSRC                              00000007
CVR0                              00000000
CVR1                              00000001
CVR2                              00000002
CVR3                              00000003
CVRCON                            0000009D
CVREN                             00000007
CVROE                             00000006
CVRR                              00000005
D                                 00000005
DATA_ADDRESS                      00000005
DC                                00000001
DELAY                             0000002D
D_A                               00000005
D_NOT_A                           00000005
EEADR                             0000010D
EEADRH                            0000010F
EECON1                            0000018C
EECON2                            0000018D
EEDATA                            0000010C
EEDATH                            0000010E
EEIE                              00000004
EEIF                              00000004
EEPGD                             00000007
F                                 00000001
FERR                              00000002
FSR                               00000004
GCEN                              00000007
GIE                               00000007
GO                                00000002
GO_BANK_0                         00000021
GO_BANK_1                         00000024
GO_BANK_2                         00000027
GO_BANK_3                         0000002A
GO_DONE                           00000002
GO_NOT_DONE                       00000002
I2C_DATA                          00000005
I2C_READ                          00000002
I2C_START                         00000003
I2C_STOP                          00000004
IBF                               00000007
IBOV                              00000005
INDF                              00000000
INTCON                            0000000B
INTE                              00000004
MPASM 5.76                      INTERUPT.ASM   3-18-2018  19:15:01         PAGE  5


SYMBOL TABLE
  LABEL                             VALUE 

INTEDG                            00000006
INTF                              00000001
IRP                               00000007
LEDON                             00000012
Main                              00000005
NOT_A                             00000005
NOT_ADDRESS                       00000005
NOT_BO                            00000000
NOT_BOR                           00000000
NOT_DONE                          00000002
NOT_PD                            00000003
NOT_POR                           00000001
NOT_RBPU                          00000007
NOT_RC8                           00000006
NOT_T1SYNC                        00000002
NOT_TO                            00000004
NOT_TX8                           00000006
NOT_W                             00000002
NOT_WRITE                         00000002
OBF                               00000006
OERR                              00000001
OPTION_REG                        00000081
P                                 00000004
PCFG0                             00000000
PCFG1                             00000001
PCFG2                             00000002
PCFG3                             00000003
PCL                               00000002
PCLATH                            0000000A
PCON                              0000008E
PEIE                              00000006
PEN                               00000002
PIE1                              0000008C
PIE2                              0000008D
PIR1                              0000000C
PIR2                              0000000D
PORTA                             00000005
PORTB                             00000006
PORTC                             00000007
PORTD                             00000008
PORTE                             00000009
PR2                               00000092
PS0                               00000000
PS1                               00000001
PS2                               00000002
PSA                               00000003
PSPIE                             00000007
PSPIF                             00000007
PSPMODE                           00000004
R                                 00000002
RA0                               00000000
RA1                               00000001
RA2                               00000002
MPASM 5.76                      INTERUPT.ASM   3-18-2018  19:15:01         PAGE  6


SYMBOL TABLE
  LABEL                             VALUE 

RA3                               00000003
RA4                               00000004
RA5                               00000005
RB0                               00000000
RB1                               00000001
RB2                               00000002
RB3                               00000003
RB4                               00000004
RB5                               00000005
RB6                               00000006
RB7                               00000007
RBIE                              00000003
RBIF                              00000000
RC0                               00000000
RC1                               00000001
RC2                               00000002
RC3                               00000003
RC4                               00000004
RC5                               00000005
RC6                               00000006
RC7                               00000007
RC8_9                             00000006
RC9                               00000006
RCD8                              00000000
RCEN                              00000003
RCIE                              00000005
RCIF                              00000005
RCREG                             0000001A
RCSTA                             00000018
RD                                00000000
RD0                               00000000
RD1                               00000001
RD2                               00000002
RD3                               00000003
RD4                               00000004
RD5                               00000005
RD6                               00000006
RD7                               00000007
RE0                               00000000
RE1                               00000001
RE2                               00000002
READ_WRITE                        00000002
RP0                               00000005
RP1                               00000006
RSEN                              00000001
RX9                               00000006
RX9D                              00000000
R_NOT_W                           00000002
R_W                               00000002
S                                 00000003
SEN                               00000000
SMP                               00000007
SPBRG                             00000099
MPASM 5.76                      INTERUPT.ASM   3-18-2018  19:15:01         PAGE  7


SYMBOL TABLE
  LABEL                             VALUE 

SPEN                              00000007
SREN                              00000005
SSPADD                            00000093
SSPBUF                            00000013
SSPCON                            00000014
SSPCON2                           00000091
SSPEN                             00000005
SSPIE                             00000003
SSPIF                             00000003
SSPM0                             00000000
SSPM1                             00000001
SSPM2                             00000002
SSPM3                             00000003
SSPOV                             00000006
SSPSTAT                           00000094
STATUS                            00000003
SYNC                              00000004
T0CS                              00000005
T0IE                              00000005
T0IF                              00000002
T0SE                              00000004
T1CKPS0                           00000004
T1CKPS1                           00000005
T1CON                             00000010
T1INSYNC                          00000002
T1OSCEN                           00000003
T1SYNC                            00000002
T2CKPS0                           00000000
T2CKPS1                           00000001
T2CON                             00000012
TMR0                              00000001
TMR0IE                            00000005
TMR0IF                            00000002
TMR1                              0000000E
TMR1CS                            00000001
TMR1H                             0000000F
TMR1IE                            00000000
TMR1IF                            00000000
TMR1L                             0000000E
TMR1ON                            00000000
TMR2                              00000011
TMR2IE                            00000001
TMR2IF                            00000001
TMR2ON                            00000002
TOUTPS0                           00000003
TOUTPS1                           00000004
TOUTPS2                           00000005
TOUTPS3                           00000006
TRISA                             00000085
TRISA0                            00000000
TRISA1                            00000001
TRISA2                            00000002
TRISA3                            00000003
MPASM 5.76                      INTERUPT.ASM   3-18-2018  19:15:01         PAGE  8


SYMBOL TABLE
  LABEL                             VALUE 

TRISA4                            00000004
TRISA5                            00000005
TRISB                             00000086
TRISB0                            00000000
TRISB1                            00000001
TRISB2                            00000002
TRISB3                            00000003
TRISB4                            00000004
TRISB5                            00000005
TRISB6                            00000006
TRISB7                            00000007
TRISC                             00000087
TRISC0                            00000000
TRISC1                            00000001
TRISC2                            00000002
TRISC3                            00000003
TRISC4                            00000004
TRISC5                            00000005
TRISC6                            00000006
TRISC7                            00000007
TRISD                             00000088
TRISD0                            00000000
TRISD1                            00000001
TRISD2                            00000002
TRISD3                            00000003
TRISD4                            00000004
TRISD5                            00000005
TRISD6                            00000006
TRISD7                            00000007
TRISE                             00000089
TRISE0                            00000000
TRISE1                            00000001
TRISE2                            00000002
TRMT                              00000001
TX8_9                             00000006
TX9                               00000006
TX9D                              00000000
TXD8                              00000000
TXEN                              00000005
TXIE                              00000004
TXIF                              00000004
TXREG                             00000019
TXSTA                             00000098
UA                                00000001
W                                 00000000
WCOL                              00000007
WR                                00000001
WREN                              00000002
WRERR                             00000003
Z                                 00000002
_BODEN_OFF                        00003FBF
_BODEN_ON                         00003FFF
_BOREN_OFF                        00003FBF
MPASM 5.76                      INTERUPT.ASM   3-18-2018  19:15:01         PAGE  9


SYMBOL TABLE
  LABEL                             VALUE 

_BOREN_ON                         00003FFF
_CONFIG                           00002007
_CPD_OFF                          00003FFF
_CPD_ON                           00003EFF
_CP_ALL                           00001FFF
_CP_OFF                           00003FFF
_CP_ON                            00001FFF
_DEBUG_OFF                        00003FFF
_DEBUG_ON                         000037FF
_DEVID1                           00002006
_FOSC_EXTRC                       00003FFF
_FOSC_HS                          00003FFE
_FOSC_LP                          00003FFC
_FOSC_XT                          00003FFD
_HS_OSC                           00003FFE
_IDLOC0                           00002000
_IDLOC1                           00002001
_IDLOC2                           00002002
_IDLOC3                           00002003
_LP_OSC                           00003FFC
_LVP_OFF                          00003F7F
_LVP_ON                           00003FFF
_PWRTE_OFF                        00003FFF
_PWRTE_ON                         00003FF7
_RC_OSC                           00003FFF
_WDTE_OFF                         00003FFB
_WDTE_ON                          00003FFF
_WDT_OFF                          00003FFB
_WDT_ON                           00003FFF
_WRT_1FOURTH                      00003BFF
_WRT_256                          00003DFF
_WRT_HALF                         000039FF
_WRT_OFF                          00003FFF
_XT_OSC                           00003FFD
__16F877A                         00000001
count1                            00000020
count2                            00000021
count3                            00000022

Errors   :     0
Warnings :     0 reported,     0 suppressed
Messages :     3 reported,     0 suppressed

